<html>
<head>
<title>TestNG:  Chrome Tests</title>
<link href="../testng.css" rel="stylesheet" type="text/css" />
<link href="../my-testng.css" rel="stylesheet" type="text/css" />

<style type="text/css">
.log { display: none;} 
.stack-trace { display: none;} 
</style>
<script type="text/javascript">
<!--
function flip(e) {
  current = e.style.display;
  if (current == 'block') {
    e.style.display = 'none';
    return 0;
  }
  else {
    e.style.display = 'block';
    return 1;
  }
}

function toggleBox(szDivId, elem, msg1, msg2)
{
  var res = -1;  if (document.getElementById) {
    res = flip(document.getElementById(szDivId));
  }
  else if (document.all) {
    // this is the way old msie versions work
    res = flip(document.all[szDivId]);
  }
  if(elem) {
    if(res == 0) elem.innerHTML = msg1; else elem.innerHTML = msg2;
  }

}

function toggleAllBoxes() {
  if (document.getElementsByTagName) {
    d = document.getElementsByTagName('div');
    for (i = 0; i < d.length; i++) {
      if (d[i].className == 'log') {
        flip(d[i]);
      }
    }
  }
}

// -->
</script>

</head>
<body>
<h2 align='center'>Chrome Tests</h2><table border='1' align="center">
<tr>
<td>Tests passed/Failed/Skipped:</td><td>15/2/0</td>
</tr><tr>
<td>Started on:</td><td>Wed Feb 12 20:48:05 IST 2025</td>
</tr>
<tr><td>Total time:</td><td>80 seconds (80308 ms)</td>
</tr><tr>
<td>Included groups:</td><td></td>
</tr><tr>
<td>Excluded groups:</td><td></td>
</tr>
</table><p/>
<small><i>(Hover the method name to see the test class name)</i></small><p/>
<table width='100%' border='1' class='invocation-failed'>
<tr><td colspan='4' align='center'><b>FAILED TESTS</b></td></tr>
<tr><td><b>Test method</b></td>
<td><b>Attribute(s)</b></td>
<td width="30%"><b>Exception</b></td>
<td width="10%"><b>Time (seconds)</b></td>
<td><b>Instance</b></td>
</tr>
<tr>
<td title='com.ge.testrunner.TestRunner.runScenario()'><b>runScenario</b><br>Test class: com.ge.testrunner.TestRunner<br>Test method: Runs Cucumber Scenarios<br>Parameters: "Validate Successful Submission - Unique Data", "WebDriver University - Contact Us Page"</td>
<td><div><pre>org.openqa.selenium.TimeoutException: timeout
from aborted by navigation: Not attached to an active page
  (Session info: chrome=133.0.6943.53)
Build info: version: &apos;4.28.1&apos;, revision: &apos;73f5ad48a2&apos;
System info: os.name: &apos;Windows 11&apos;, os.arch: &apos;amd64&apos;, os.version: &apos;10.0&apos;, java.version: &apos;21.0.6&apos;
Driver info: org.openqa.selenium.chrome.ChromeDriver
Command: [571b4a21f7f5799c7eb717d90a444c6b, screenshot {}]
Capabilities {acceptInsecureCerts: false, browserName: chrome, browserVersion: 133.0.6943.53, chrome: {chromedriverVersion: 133.0.6943.53 (9a80935019b0..., userDataDir: C:\Users\mail2\AppData\Loca...}, fedcm:accounts: true, goog:chromeOptions: {debuggerAddress: localhost:55383}, networkConnectionEnabled: false, pageLoadStrategy: normal, platformName: windows, proxy: Proxy(), se:cdp: ws://localhost:55383/devtoo..., se:cdpVersion: 133.0.6943.53, setWindowRect: true, strictFileInteractability: false, timeouts: {implicit: 0, pageLoad: 300000, script: 30000}, unhandledPromptBehavior: dismiss and notify, webauthn:extension:credBlob: true, webauthn:extension:largeBlob: true, webauthn:extension:minPinLength: true, webauthn:extension:prf: true, webauthn:virtualAuthenticators: true}
Session ID: 571b4a21f7f5799c7eb717d90a444c6b
	at org.openqa.selenium.remote.ErrorCodec.decode(ErrorCodec.java:167)
	at org.openqa.selenium.remote.codec.w3c.W3CHttpResponseCodec.decode(W3CHttpResponseCodec.java:138)
	at org.openqa.selenium.remote.codec.w3c.W3CHttpResponseCodec.decode(W3CHttpResponseCodec.java:50)
	at org.openqa.selenium.remote.HttpCommandExecutor.execute(HttpCommandExecutor.java:215)
	at org.openqa.selenium.remote.service.DriverCommandExecutor.invokeExecute(DriverCommandExecutor.java:216)
	at org.openqa.selenium.remote.service.DriverCommandExecutor.execute(DriverCommandExecutor.java:174)
	at org.openqa.selenium.remote.RemoteWebDriver.execute(RemoteWebDriver.java:545)
	at org.openqa.selenium.remote.RemoteWebDriver.execute(RemoteWebDriver.java:618)
	at org.openqa.selenium.remote.RemoteWebDriver.execute(RemoteWebDriver.java:622)
	at org.openqa.selenium.remote.RemoteWebDriver.getScreenshotAs(RemoteWebDriver.java:334)
	at com.ge.stepdefinition.Baseclass.captureExceptionImage(Baseclass.java:113)
... Removed 3 stack frames</pre></div><a href='#' onClick='toggleBox("stack-trace1551883389", this, "Click to show all stack frames", "Click to hide stack frames")'>Click to show all stack frames</a>
<div class='stack-trace' id='stack-trace1551883389'><pre>org.openqa.selenium.TimeoutException: timeout
from aborted by navigation: Not attached to an active page
  (Session info: chrome=133.0.6943.53)
Build info: version: &apos;4.28.1&apos;, revision: &apos;73f5ad48a2&apos;
System info: os.name: &apos;Windows 11&apos;, os.arch: &apos;amd64&apos;, os.version: &apos;10.0&apos;, java.version: &apos;21.0.6&apos;
Driver info: org.openqa.selenium.chrome.ChromeDriver
Command: [571b4a21f7f5799c7eb717d90a444c6b, screenshot {}]
Capabilities {acceptInsecureCerts: false, browserName: chrome, browserVersion: 133.0.6943.53, chrome: {chromedriverVersion: 133.0.6943.53 (9a80935019b0..., userDataDir: C:\Users\mail2\AppData\Loca...}, fedcm:accounts: true, goog:chromeOptions: {debuggerAddress: localhost:55383}, networkConnectionEnabled: false, pageLoadStrategy: normal, platformName: windows, proxy: Proxy(), se:cdp: ws://localhost:55383/devtoo..., se:cdpVersion: 133.0.6943.53, setWindowRect: true, strictFileInteractability: false, timeouts: {implicit: 0, pageLoad: 300000, script: 30000}, unhandledPromptBehavior: dismiss and notify, webauthn:extension:credBlob: true, webauthn:extension:largeBlob: true, webauthn:extension:minPinLength: true, webauthn:extension:prf: true, webauthn:virtualAuthenticators: true}
Session ID: 571b4a21f7f5799c7eb717d90a444c6b
	at java.base/jdk.internal.reflect.DirectConstructorHandleAccessor.newInstance(DirectConstructorHandleAccessor.java:62)
	at java.base/java.lang.reflect.Constructor.newInstanceWithCaller(Constructor.java:502)
	at java.base/java.lang.reflect.Constructor.newInstance(Constructor.java:486)
	at org.openqa.selenium.remote.ErrorCodec.decode(ErrorCodec.java:167)
	at org.openqa.selenium.remote.codec.w3c.W3CHttpResponseCodec.decode(W3CHttpResponseCodec.java:138)
	at org.openqa.selenium.remote.codec.w3c.W3CHttpResponseCodec.decode(W3CHttpResponseCodec.java:50)
	at org.openqa.selenium.remote.HttpCommandExecutor.execute(HttpCommandExecutor.java:215)
	at org.openqa.selenium.remote.service.DriverCommandExecutor.invokeExecute(DriverCommandExecutor.java:216)
	at org.openqa.selenium.remote.service.DriverCommandExecutor.execute(DriverCommandExecutor.java:174)
	at org.openqa.selenium.remote.RemoteWebDriver.execute(RemoteWebDriver.java:545)
	at org.openqa.selenium.remote.RemoteWebDriver.execute(RemoteWebDriver.java:618)
	at org.openqa.selenium.remote.RemoteWebDriver.execute(RemoteWebDriver.java:622)
	at org.openqa.selenium.remote.RemoteWebDriver.getScreenshotAs(RemoteWebDriver.java:334)
	at com.ge.stepdefinition.Baseclass.captureExceptionImage(Baseclass.java:113)
</pre></div></td>
<td>28</td>
<td>com.ge.testrunner.TestRunner@5dda768f</td></tr>
<tr>
<td title='com.ge.testrunner.TestRunner.runScenario()'><b>runScenario</b><br>Test class: com.ge.testrunner.TestRunner<br>Test method: Runs Cucumber Scenarios<br>Parameters: "Validate Successful Submission - Unique Data", "WebDriver University - Contact Us Page"</td>
<td><div><pre>org.openqa.selenium.TimeoutException: timeout
from aborted by navigation: Not attached to an active page
  (Session info: chrome=133.0.6943.53)
Build info: version: &apos;4.28.1&apos;, revision: &apos;73f5ad48a2&apos;
System info: os.name: &apos;Windows 11&apos;, os.arch: &apos;amd64&apos;, os.version: &apos;10.0&apos;, java.version: &apos;21.0.6&apos;
Driver info: org.openqa.selenium.chrome.ChromeDriver
Command: [e03b35b7d1862742e85b4060ec4ae57b, screenshot {}]
Capabilities {acceptInsecureCerts: false, browserName: chrome, browserVersion: 133.0.6943.53, chrome: {chromedriverVersion: 133.0.6943.53 (9a80935019b0..., userDataDir: C:\Users\mail2\AppData\Loca...}, fedcm:accounts: true, goog:chromeOptions: {debuggerAddress: localhost:55388}, networkConnectionEnabled: false, pageLoadStrategy: normal, platformName: windows, proxy: Proxy(), se:cdp: ws://localhost:55388/devtoo..., se:cdpVersion: 133.0.6943.53, setWindowRect: true, strictFileInteractability: false, timeouts: {implicit: 0, pageLoad: 300000, script: 30000}, unhandledPromptBehavior: dismiss and notify, webauthn:extension:credBlob: true, webauthn:extension:largeBlob: true, webauthn:extension:minPinLength: true, webauthn:extension:prf: true, webauthn:virtualAuthenticators: true}
Session ID: e03b35b7d1862742e85b4060ec4ae57b
	at org.openqa.selenium.remote.ErrorCodec.decode(ErrorCodec.java:167)
	at org.openqa.selenium.remote.codec.w3c.W3CHttpResponseCodec.decode(W3CHttpResponseCodec.java:138)
	at org.openqa.selenium.remote.codec.w3c.W3CHttpResponseCodec.decode(W3CHttpResponseCodec.java:50)
	at org.openqa.selenium.remote.HttpCommandExecutor.execute(HttpCommandExecutor.java:215)
	at org.openqa.selenium.remote.service.DriverCommandExecutor.invokeExecute(DriverCommandExecutor.java:216)
	at org.openqa.selenium.remote.service.DriverCommandExecutor.execute(DriverCommandExecutor.java:174)
	at org.openqa.selenium.remote.RemoteWebDriver.execute(RemoteWebDriver.java:545)
	at org.openqa.selenium.remote.RemoteWebDriver.execute(RemoteWebDriver.java:618)
	at org.openqa.selenium.remote.RemoteWebDriver.execute(RemoteWebDriver.java:622)
	at org.openqa.selenium.remote.RemoteWebDriver.getScreenshotAs(RemoteWebDriver.java:334)
	at com.ge.stepdefinition.Baseclass.captureExceptionImage(Baseclass.java:113)
... Removed 3 stack frames</pre></div><a href='#' onClick='toggleBox("stack-trace1605281574", this, "Click to show all stack frames", "Click to hide stack frames")'>Click to show all stack frames</a>
<div class='stack-trace' id='stack-trace1605281574'><pre>org.openqa.selenium.TimeoutException: timeout
from aborted by navigation: Not attached to an active page
  (Session info: chrome=133.0.6943.53)
Build info: version: &apos;4.28.1&apos;, revision: &apos;73f5ad48a2&apos;
System info: os.name: &apos;Windows 11&apos;, os.arch: &apos;amd64&apos;, os.version: &apos;10.0&apos;, java.version: &apos;21.0.6&apos;
Driver info: org.openqa.selenium.chrome.ChromeDriver
Command: [e03b35b7d1862742e85b4060ec4ae57b, screenshot {}]
Capabilities {acceptInsecureCerts: false, browserName: chrome, browserVersion: 133.0.6943.53, chrome: {chromedriverVersion: 133.0.6943.53 (9a80935019b0..., userDataDir: C:\Users\mail2\AppData\Loca...}, fedcm:accounts: true, goog:chromeOptions: {debuggerAddress: localhost:55388}, networkConnectionEnabled: false, pageLoadStrategy: normal, platformName: windows, proxy: Proxy(), se:cdp: ws://localhost:55388/devtoo..., se:cdpVersion: 133.0.6943.53, setWindowRect: true, strictFileInteractability: false, timeouts: {implicit: 0, pageLoad: 300000, script: 30000}, unhandledPromptBehavior: dismiss and notify, webauthn:extension:credBlob: true, webauthn:extension:largeBlob: true, webauthn:extension:minPinLength: true, webauthn:extension:prf: true, webauthn:virtualAuthenticators: true}
Session ID: e03b35b7d1862742e85b4060ec4ae57b
	at java.base/jdk.internal.reflect.DirectConstructorHandleAccessor.newInstance(DirectConstructorHandleAccessor.java:62)
	at java.base/java.lang.reflect.Constructor.newInstanceWithCaller(Constructor.java:502)
	at java.base/java.lang.reflect.Constructor.newInstance(Constructor.java:486)
	at org.openqa.selenium.remote.ErrorCodec.decode(ErrorCodec.java:167)
	at org.openqa.selenium.remote.codec.w3c.W3CHttpResponseCodec.decode(W3CHttpResponseCodec.java:138)
	at org.openqa.selenium.remote.codec.w3c.W3CHttpResponseCodec.decode(W3CHttpResponseCodec.java:50)
	at org.openqa.selenium.remote.HttpCommandExecutor.execute(HttpCommandExecutor.java:215)
	at org.openqa.selenium.remote.service.DriverCommandExecutor.invokeExecute(DriverCommandExecutor.java:216)
	at org.openqa.selenium.remote.service.DriverCommandExecutor.execute(DriverCommandExecutor.java:174)
	at org.openqa.selenium.remote.RemoteWebDriver.execute(RemoteWebDriver.java:545)
	at org.openqa.selenium.remote.RemoteWebDriver.execute(RemoteWebDriver.java:618)
	at org.openqa.selenium.remote.RemoteWebDriver.execute(RemoteWebDriver.java:622)
	at org.openqa.selenium.remote.RemoteWebDriver.getScreenshotAs(RemoteWebDriver.java:334)
	at com.ge.stepdefinition.Baseclass.captureExceptionImage(Baseclass.java:113)
</pre></div></td>
<td>29</td>
<td>com.ge.testrunner.TestRunner@5dda768f</td></tr>
</table><p>
<table width='100%' border='1' class='invocation-passed'>
<tr><td colspan='4' align='center'><b>PASSED TESTS</b></td></tr>
<tr><td><b>Test method</b></td>
<td><b>Attribute(s)</b></td>
<td width="30%"><b>Exception</b></td>
<td width="10%"><b>Time (seconds)</b></td>
<td><b>Instance</b></td>
</tr>
<tr>
<td title='com.ge.testrunner.TestRunner.runScenario()'><b>runScenario</b><br>Test class: com.ge.testrunner.TestRunner<br>Test method: Runs Cucumber Scenarios<br>Parameters: "Validate Successful Submission - Unique Data", "WebDriver University - Contact Us Page"</td>
<td></td>
<td>44</td>
<td>com.ge.testrunner.TestRunner@5dda768f</td></tr>
<tr>
<td title='com.ge.testrunner.TestRunner.runScenario()'><b>runScenario</b><br>Test class: com.ge.testrunner.TestRunner<br>Test method: Runs Cucumber Scenarios<br>Parameters: "Validate Successful Submission - Unique Data", "WebDriver University - Contact Us Page"</td>
<td></td>
<td>42</td>
<td>com.ge.testrunner.TestRunner@5dda768f</td></tr>
<tr>
<td title='com.ge.testrunner.TestRunner.runScenario()'><b>runScenario</b><br>Test class: com.ge.testrunner.TestRunner<br>Test method: Runs Cucumber Scenarios<br>Parameters: "Validate Successful Submission - Unique Data", "WebDriver University - Contact Us Page"</td>
<td></td>
<td>42</td>
<td>com.ge.testrunner.TestRunner@5dda768f</td></tr>
<tr>
<td title='com.ge.testrunner.TestRunner.runScenario()'><b>runScenario</b><br>Test class: com.ge.testrunner.TestRunner<br>Test method: Runs Cucumber Scenarios<br>Parameters: "Validate Successful Submission - Unique Data", "WebDriver University - Contact Us Page"</td>
<td></td>
<td>44</td>
<td>com.ge.testrunner.TestRunner@5dda768f</td></tr>
<tr>
<td title='com.ge.testrunner.TestRunner.runScenario()'><b>runScenario</b><br>Test class: com.ge.testrunner.TestRunner<br>Test method: Runs Cucumber Scenarios<br>Parameters: "Validate Successful Submission - Unique Data", "WebDriver University - Contact Us Page"</td>
<td></td>
<td>34</td>
<td>com.ge.testrunner.TestRunner@5dda768f</td></tr>
<tr>
<td title='com.ge.testrunner.TestRunner.runScenario()'><b>runScenario</b><br>Test class: com.ge.testrunner.TestRunner<br>Test method: Runs Cucumber Scenarios<br>Parameters: "Validate Successful Submission - Unique Data", "WebDriver University - Contact Us Page"</td>
<td></td>
<td>35</td>
<td>com.ge.testrunner.TestRunner@5dda768f</td></tr>
<tr>
<td title='com.ge.testrunner.TestRunner.runScenario()'><b>runScenario</b><br>Test class: com.ge.testrunner.TestRunner<br>Test method: Runs Cucumber Scenarios<br>Parameters: "Validate Successful Submission - Unique Data", "WebDriver University - Contact Us Page"</td>
<td></td>
<td>34</td>
<td>com.ge.testrunner.TestRunner@5dda768f</td></tr>
<tr>
<td title='com.ge.testrunner.TestRunner.runScenario()'><b>runScenario</b><br>Test class: com.ge.testrunner.TestRunner<br>Test method: Runs Cucumber Scenarios<br>Parameters: "Validate Successful Submission - Unique Data", "WebDriver University - Contact Us Page"</td>
<td></td>
<td>42</td>
<td>com.ge.testrunner.TestRunner@5dda768f</td></tr>
<tr>
<td title='com.ge.testrunner.TestRunner.runScenario()'><b>runScenario</b><br>Test class: com.ge.testrunner.TestRunner<br>Test method: Runs Cucumber Scenarios<br>Parameters: "Validate Successful Submission - Unique Data", "WebDriver University - Contact Us Page"</td>
<td></td>
<td>37</td>
<td>com.ge.testrunner.TestRunner@5dda768f</td></tr>
<tr>
<td title='com.ge.testrunner.TestRunner.runScenario()'><b>runScenario</b><br>Test class: com.ge.testrunner.TestRunner<br>Test method: Runs Cucumber Scenarios<br>Parameters: "Validate Successful Submission - Unique Data", "WebDriver University - Contact Us Page"</td>
<td></td>
<td>42</td>
<td>com.ge.testrunner.TestRunner@5dda768f</td></tr>
<tr>
<td title='com.ge.testrunner.TestRunner.runScenario()'><b>runScenario</b><br>Test class: com.ge.testrunner.TestRunner<br>Test method: Runs Cucumber Scenarios<br>Parameters: "Validate Successful Submission - Unique Data", "WebDriver University - Contact Us Page"</td>
<td></td>
<td>42</td>
<td>com.ge.testrunner.TestRunner@5dda768f</td></tr>
<tr>
<td title='com.ge.testrunner.TestRunner.runScenario()'><b>runScenario</b><br>Test class: com.ge.testrunner.TestRunner<br>Test method: Runs Cucumber Scenarios<br>Parameters: "Validate Successful Submission - Unique Data", "WebDriver University - Contact Us Page"</td>
<td></td>
<td>42</td>
<td>com.ge.testrunner.TestRunner@5dda768f</td></tr>
<tr>
<td title='com.ge.testrunner.TestRunner.runScenario()'><b>runScenario</b><br>Test class: com.ge.testrunner.TestRunner<br>Test method: Runs Cucumber Scenarios<br>Parameters: "Validate Successful Submission - Unique Data", "WebDriver University - Contact Us Page"</td>
<td></td>
<td>42</td>
<td>com.ge.testrunner.TestRunner@5dda768f</td></tr>
<tr>
<td title='com.ge.testrunner.TestRunner.runScenario()'><b>runScenario</b><br>Test class: com.ge.testrunner.TestRunner<br>Test method: Runs Cucumber Scenarios<br>Parameters: "Validate Successful Submission - Unique Data", "WebDriver University - Contact Us Page"</td>
<td></td>
<td>35</td>
<td>com.ge.testrunner.TestRunner@5dda768f</td></tr>
<tr>
<td title='com.ge.testrunner.TestRunner.runScenario()'><b>runScenario</b><br>Test class: com.ge.testrunner.TestRunner<br>Test method: Runs Cucumber Scenarios<br>Parameters: "Validate Successful Submission - Unique Data", "WebDriver University - Contact Us Page"</td>
<td></td>
<td>42</td>
<td>com.ge.testrunner.TestRunner@5dda768f</td></tr>
</table><p>
</body>
</html>